====================================
Types potentially sent from browser:
====================================

Reachable types computed on: Thu Sep 22 02:52:40 EAT 2011
com.google.gwt.user.client.rpc.IncompatibleRemoteServiceException
   Serialization status
      Instantiable
   Path
      Started from 'com.google.gwt.user.client.rpc.IncompatibleRemoteServiceException'

java.lang.Exception
   Serialization status
      Field serializable
   Path
      'java.lang.Exception' is reachable as a supertype of type 'class java.lang.RuntimeException'
      'java.lang.RuntimeException' is reachable as a supertype of type 'class com.google.gwt.user.client.rpc.IncompatibleRemoteServiceException'
      'com.google.gwt.user.client.rpc.IncompatibleRemoteServiceException' is reachable as a subtype of type 'class com.google.gwt.user.client.rpc.IncompatibleRemoteServiceException'
      Started from 'com.google.gwt.user.client.rpc.IncompatibleRemoteServiceException'

java.lang.RuntimeException
   Serialization status
      Field serializable
   Path
      'java.lang.RuntimeException' is reachable as a supertype of type 'class com.google.gwt.user.client.rpc.IncompatibleRemoteServiceException'
      'com.google.gwt.user.client.rpc.IncompatibleRemoteServiceException' is reachable as a subtype of type 'class com.google.gwt.user.client.rpc.IncompatibleRemoteServiceException'
      Started from 'com.google.gwt.user.client.rpc.IncompatibleRemoteServiceException'

java.lang.String
   Serialization status
      Instantiable
   Path
      Started from 'java.lang.String'

java.lang.Throwable
   Serialization status
      Field serializable
   Path
      'java.lang.Throwable' is reachable as a supertype of type 'class java.lang.Exception'
      'java.lang.Exception' is reachable as a supertype of type 'class java.lang.RuntimeException'
      'java.lang.RuntimeException' is reachable as a supertype of type 'class com.google.gwt.user.client.rpc.IncompatibleRemoteServiceException'
      'com.google.gwt.user.client.rpc.IncompatibleRemoteServiceException' is reachable as a subtype of type 'class com.google.gwt.user.client.rpc.IncompatibleRemoteServiceException'
      Started from 'com.google.gwt.user.client.rpc.IncompatibleRemoteServiceException'

net.customware.gwt.dispatch.shared.Action<?>
   Serialization status
      Not serializable
   Path
      Started from 'net.customware.gwt.dispatch.shared.Action<?>'

org.openxdata.modules.workflows.shared.rpc.GetSpecsAction
   Serialization status
      Instantiable
   Path
      'org.openxdata.modules.workflows.shared.rpc.GetSpecsAction' is reachable as a subtype of type 'interface net.customware.gwt.dispatch.shared.Action<?>'
      Started from 'net.customware.gwt.dispatch.shared.Action<?>'

org.openxdata.modules.workflows.shared.rpc.GetStudiesAction
   Serialization status
      Instantiable
   Path
      'org.openxdata.modules.workflows.shared.rpc.GetStudiesAction' is reachable as a subtype of type 'interface net.customware.gwt.dispatch.shared.Action<?>'
      Started from 'net.customware.gwt.dispatch.shared.Action<?>'

org.openxdata.modules.workflows.shared.rpc.ParseSpecAction
   Serialization status
      Instantiable
   Path
      'org.openxdata.modules.workflows.shared.rpc.ParseSpecAction' is reachable as a subtype of type 'interface net.customware.gwt.dispatch.shared.Action<?>'
      Started from 'net.customware.gwt.dispatch.shared.Action<?>'

===================================
Types potentially sent from server:
===================================

Reachable types computed on: Thu Sep 22 02:52:40 EAT 2011
E
   Serialization status
      Not serializable
   Path
      'E' is reachable from field 'exposeElement' of type 'java.util.ArrayList<E>'
      'java.util.ArrayList<java.lang.String>' is reachable as a subtype of type 'class java.util.ArrayList<java.lang.String>'
      'java.util.ArrayList<java.lang.String>' is reachable from field 'studies' of type 'org.openxdata.modules.workflows.shared.rpc.GetStudiesAction.Result'
      'org.openxdata.modules.workflows.shared.rpc.GetStudiesAction.Result' is reachable as a subtype of type 'interface net.customware.gwt.dispatch.shared.Result'
      Started from 'net.customware.gwt.dispatch.shared.Result'

K
   Serialization status
      Not serializable
   Path
      'K' is reachable from field 'exposeKey' of type 'java.util.HashMap<K, V>'
      'java.util.HashMap<java.lang.String, org.openxdata.modules.workflows.model.shared.OParameter>' is reachable as a subtype of type 'class java.util.HashMap<java.lang.String, org.openxdata.modules.workflows.model.shared.OParameter>'
      'java.util.HashMap<java.lang.String, org.openxdata.modules.workflows.model.shared.OParameter>' is reachable from field 'mParams' of type 'org.openxdata.modules.workflows.model.shared.ODecomposition'
      'org.openxdata.modules.workflows.model.shared.ODecomposition' is reachable as a subtype of type 'class org.openxdata.modules.workflows.model.shared.ODecomposition'
      'org.openxdata.modules.workflows.model.shared.ODecomposition' is reachable from field 'decomposition' of type 'org.openxdata.modules.workflows.model.shared.OTask'
      'org.openxdata.modules.workflows.model.shared.OTask' is reachable as a subtype of type 'class org.openxdata.modules.workflows.model.shared.OTask'
      'org.openxdata.modules.workflows.model.shared.OTask' is reachable from type argument 0 of type 'java.util.ArrayList<E>'
      'java.util.ArrayList<org.openxdata.modules.workflows.model.shared.OTask>' is reachable as a subtype of type 'class java.util.ArrayList<org.openxdata.modules.workflows.model.shared.OTask>'
      'java.util.ArrayList<org.openxdata.modules.workflows.model.shared.OTask>' is reachable from field 'tasks' of type 'org.openxdata.modules.workflows.model.shared.OSpecification'
      'org.openxdata.modules.workflows.model.shared.OSpecification' is reachable as a subtype of type 'class org.openxdata.modules.workflows.model.shared.OSpecification'
      'org.openxdata.modules.workflows.model.shared.OSpecification' is reachable from type argument 0 of type 'java.util.ArrayList<E>'
      'java.util.ArrayList<org.openxdata.modules.workflows.model.shared.OSpecification>' is reachable as a subtype of type 'class java.util.ArrayList<org.openxdata.modules.workflows.model.shared.OSpecification>'
      'java.util.ArrayList<org.openxdata.modules.workflows.model.shared.OSpecification>' is reachable from field 'ospecifications' of type 'org.openxdata.modules.workflows.shared.rpc.GetSpecsAction.Result'
      'org.openxdata.modules.workflows.shared.rpc.GetSpecsAction.Result' is reachable as a subtype of type 'interface net.customware.gwt.dispatch.shared.Result'
      Started from 'net.customware.gwt.dispatch.shared.Result'

V
   Serialization status
      Not serializable
   Path
      'V' is reachable from field 'exposeValue' of type 'java.util.HashMap<K, V>'
      'java.util.HashMap<java.lang.String, org.openxdata.modules.workflows.model.shared.OParameter>' is reachable as a subtype of type 'class java.util.HashMap<java.lang.String, org.openxdata.modules.workflows.model.shared.OParameter>'
      'java.util.HashMap<java.lang.String, org.openxdata.modules.workflows.model.shared.OParameter>' is reachable from field 'mParams' of type 'org.openxdata.modules.workflows.model.shared.ODecomposition'
      'org.openxdata.modules.workflows.model.shared.ODecomposition' is reachable as a subtype of type 'class org.openxdata.modules.workflows.model.shared.ODecomposition'
      'org.openxdata.modules.workflows.model.shared.ODecomposition' is reachable from field 'decomposition' of type 'org.openxdata.modules.workflows.model.shared.OTask'
      'org.openxdata.modules.workflows.model.shared.OTask' is reachable as a subtype of type 'class org.openxdata.modules.workflows.model.shared.OTask'
      'org.openxdata.modules.workflows.model.shared.OTask' is reachable from type argument 0 of type 'java.util.ArrayList<E>'
      'java.util.ArrayList<org.openxdata.modules.workflows.model.shared.OTask>' is reachable as a subtype of type 'class java.util.ArrayList<org.openxdata.modules.workflows.model.shared.OTask>'
      'java.util.ArrayList<org.openxdata.modules.workflows.model.shared.OTask>' is reachable from field 'tasks' of type 'org.openxdata.modules.workflows.model.shared.OSpecification'
      'org.openxdata.modules.workflows.model.shared.OSpecification' is reachable as a subtype of type 'class org.openxdata.modules.workflows.model.shared.OSpecification'
      'org.openxdata.modules.workflows.model.shared.OSpecification' is reachable from type argument 0 of type 'java.util.ArrayList<E>'
      'java.util.ArrayList<org.openxdata.modules.workflows.model.shared.OSpecification>' is reachable as a subtype of type 'class java.util.ArrayList<org.openxdata.modules.workflows.model.shared.OSpecification>'
      'java.util.ArrayList<org.openxdata.modules.workflows.model.shared.OSpecification>' is reachable from field 'ospecifications' of type 'org.openxdata.modules.workflows.shared.rpc.GetSpecsAction.Result'
      'org.openxdata.modules.workflows.shared.rpc.GetSpecsAction.Result' is reachable as a subtype of type 'interface net.customware.gwt.dispatch.shared.Result'
      Started from 'net.customware.gwt.dispatch.shared.Result'

com.allen_sauer.gwt.dnd.client.VetoDragException
   Serialization status
      Instantiable
   Path
      'com.allen_sauer.gwt.dnd.client.VetoDragException' is reachable as a subtype of type 'class java.lang.Exception'
      Started from 'java.lang.Exception'

com.google.gwt.http.client.RequestException
   Serialization status
      Instantiable
   Path
      'com.google.gwt.http.client.RequestException' is reachable as a subtype of type 'class java.lang.Exception'
      Started from 'java.lang.Exception'

com.google.gwt.user.client.rpc.IncompatibleRemoteServiceException
   Serialization status
      Instantiable
   Path
      Started from 'com.google.gwt.user.client.rpc.IncompatibleRemoteServiceException'

com.google.gwt.user.client.rpc.InvocationException
   Serialization status
      Field serializable
   Path
      'com.google.gwt.user.client.rpc.InvocationException' is reachable as a supertype of type 'class com.google.gwt.user.client.rpc.ServiceDefTarget.NoServiceEntryPointSpecifiedException'
      'com.google.gwt.user.client.rpc.ServiceDefTarget.NoServiceEntryPointSpecifiedException' is reachable as a subtype of type 'class java.lang.Exception'
      Started from 'java.lang.Exception'

com.google.gwt.user.client.rpc.SerializableException
   Serialization status
      Instantiable
   Path
      'com.google.gwt.user.client.rpc.SerializableException' is reachable as a subtype of type 'class java.lang.Exception'
      Started from 'java.lang.Exception'

com.google.gwt.user.client.rpc.SerializationException
   Serialization status
      Instantiable
   Path
      'com.google.gwt.user.client.rpc.SerializationException' is reachable as a subtype of type 'class java.lang.Exception'
      Started from 'java.lang.Exception'

com.google.gwt.user.client.rpc.ServiceDefTarget.NoServiceEntryPointSpecifiedException
   Serialization status
      Instantiable
   Path
      'com.google.gwt.user.client.rpc.ServiceDefTarget.NoServiceEntryPointSpecifiedException' is reachable as a subtype of type 'class java.lang.Exception'
      Started from 'java.lang.Exception'

com.google.gwt.xml.client.DOMException
   Serialization status
      Field serializable
   Path
      'com.google.gwt.xml.client.DOMException' is reachable as a supertype of type 'class com.google.gwt.xml.client.impl.DOMParseException'
      'com.google.gwt.xml.client.impl.DOMParseException' is reachable as a subtype of type 'class java.lang.Exception'
      Started from 'java.lang.Exception'

com.google.gwt.xml.client.impl.DOMItem
   Serialization status
      Not serializable
   Path
      'com.google.gwt.xml.client.impl.DOMItem' is reachable from field 'item' of type 'com.google.gwt.xml.client.impl.DOMNodeException'
      'com.google.gwt.xml.client.impl.DOMNodeException' is reachable as a subtype of type 'class java.lang.Exception'
      Started from 'java.lang.Exception'

com.google.gwt.xml.client.impl.DOMNodeException
   Serialization status
      Not serializable
   Path
      'com.google.gwt.xml.client.impl.DOMNodeException' is reachable as a subtype of type 'class java.lang.Exception'
      Started from 'java.lang.Exception'

com.google.gwt.xml.client.impl.DOMParseException
   Serialization status
      Instantiable
   Path
      'com.google.gwt.xml.client.impl.DOMParseException' is reachable as a subtype of type 'class java.lang.Exception'
      Started from 'java.lang.Exception'

int
   Serialization status
      Not serializable
   Path
      'int' is reachable from field 'size' of type 'java.util.ArrayList<E>'
      'java.util.ArrayList<java.lang.String>' is reachable as a subtype of type 'class java.util.ArrayList<java.lang.String>'
      'java.util.ArrayList<java.lang.String>' is reachable from field 'studies' of type 'org.openxdata.modules.workflows.shared.rpc.GetStudiesAction.Result'
      'org.openxdata.modules.workflows.shared.rpc.GetStudiesAction.Result' is reachable as a subtype of type 'interface net.customware.gwt.dispatch.shared.Result'
      Started from 'net.customware.gwt.dispatch.shared.Result'

java.io.IOException
   Serialization status
      Instantiable
   Path
      'java.io.IOException' is reachable as a subtype of type 'class java.lang.Exception'
      Started from 'java.lang.Exception'

java.lang.ArithmeticException
   Serialization status
      Instantiable
   Path
      'java.lang.ArithmeticException' is reachable as a subtype of type 'class java.lang.Exception'
      Started from 'java.lang.Exception'

java.lang.ArrayIndexOutOfBoundsException
   Serialization status
      Instantiable
   Path
      'java.lang.ArrayIndexOutOfBoundsException' is reachable as a subtype of type 'class java.lang.Exception'
      Started from 'java.lang.Exception'

java.lang.ArrayStoreException
   Serialization status
      Instantiable
   Path
      'java.lang.ArrayStoreException' is reachable as a subtype of type 'class java.lang.Exception'
      Started from 'java.lang.Exception'

java.lang.ClassCastException
   Serialization status
      Instantiable
   Path
      'java.lang.ClassCastException' is reachable as a subtype of type 'class java.lang.Exception'
      Started from 'java.lang.Exception'

java.lang.Exception
   Serialization status
      Instantiable
   Path
      'java.lang.Exception' is reachable as a supertype of type 'class java.lang.RuntimeException'
      'java.lang.RuntimeException' is reachable as a supertype of type 'class com.google.gwt.user.client.rpc.IncompatibleRemoteServiceException'
      'com.google.gwt.user.client.rpc.IncompatibleRemoteServiceException' is reachable as a subtype of type 'class com.google.gwt.user.client.rpc.IncompatibleRemoteServiceException'
      Started from 'com.google.gwt.user.client.rpc.IncompatibleRemoteServiceException'

java.lang.IllegalArgumentException
   Serialization status
      Instantiable
   Path
      'java.lang.IllegalArgumentException' is reachable as a subtype of type 'class java.lang.Exception'
      Started from 'java.lang.Exception'

java.lang.IllegalStateException
   Serialization status
      Instantiable
   Path
      'java.lang.IllegalStateException' is reachable as a subtype of type 'class java.lang.Exception'
      Started from 'java.lang.Exception'

java.lang.IndexOutOfBoundsException
   Serialization status
      Instantiable
   Path
      'java.lang.IndexOutOfBoundsException' is reachable as a supertype of type 'class java.lang.ArrayIndexOutOfBoundsException'
      'java.lang.ArrayIndexOutOfBoundsException' is reachable as a subtype of type 'class java.lang.Exception'
      Started from 'java.lang.Exception'

java.lang.NegativeArraySizeException
   Serialization status
      Instantiable
   Path
      'java.lang.NegativeArraySizeException' is reachable as a subtype of type 'class java.lang.Exception'
      Started from 'java.lang.Exception'

java.lang.NullPointerException
   Serialization status
      Instantiable
   Path
      'java.lang.NullPointerException' is reachable as a subtype of type 'class java.lang.Exception'
      Started from 'java.lang.Exception'

java.lang.NumberFormatException
   Serialization status
      Instantiable
   Path
      'java.lang.NumberFormatException' is reachable as a subtype of type 'class java.lang.Exception'
      Started from 'java.lang.Exception'

java.lang.RuntimeException
   Serialization status
      Instantiable
   Path
      'java.lang.RuntimeException' is reachable as a supertype of type 'class com.google.gwt.user.client.rpc.IncompatibleRemoteServiceException'
      'com.google.gwt.user.client.rpc.IncompatibleRemoteServiceException' is reachable as a subtype of type 'class com.google.gwt.user.client.rpc.IncompatibleRemoteServiceException'
      Started from 'com.google.gwt.user.client.rpc.IncompatibleRemoteServiceException'

java.lang.String
   Serialization status
      Instantiable
   Path
      Started from 'java.lang.String'

java.lang.StringIndexOutOfBoundsException
   Serialization status
      Instantiable
   Path
      'java.lang.StringIndexOutOfBoundsException' is reachable as a subtype of type 'class java.lang.Exception'
      Started from 'java.lang.Exception'

java.lang.Throwable
   Serialization status
      Field serializable
   Path
      'java.lang.Throwable' is reachable as a supertype of type 'class java.lang.Exception'
      'java.lang.Exception' is reachable as a supertype of type 'class java.lang.RuntimeException'
      'java.lang.RuntimeException' is reachable as a supertype of type 'class com.google.gwt.user.client.rpc.IncompatibleRemoteServiceException'
      'com.google.gwt.user.client.rpc.IncompatibleRemoteServiceException' is reachable as a subtype of type 'class com.google.gwt.user.client.rpc.IncompatibleRemoteServiceException'
      Started from 'com.google.gwt.user.client.rpc.IncompatibleRemoteServiceException'

java.lang.UnsupportedOperationException
   Serialization status
      Instantiable
   Path
      'java.lang.UnsupportedOperationException' is reachable as a subtype of type 'class java.lang.Exception'
      Started from 'java.lang.Exception'

java.lang.annotation.AnnotationTypeMismatchException
   Serialization status
      Instantiable
   Path
      'java.lang.annotation.AnnotationTypeMismatchException' is reachable as a subtype of type 'class java.lang.Exception'
      Started from 'java.lang.Exception'

java.util.ArrayList<org.openxdata.modules.workflows.model.shared.OTask>
   Serialization status
      Instantiable
   Path
      'java.util.ArrayList<org.openxdata.modules.workflows.model.shared.OTask>' is reachable from field 'tasks' of type 'org.openxdata.modules.workflows.model.shared.OSpecification'
      'org.openxdata.modules.workflows.model.shared.OSpecification' is reachable as a subtype of type 'class org.openxdata.modules.workflows.model.shared.OSpecification'
      'org.openxdata.modules.workflows.model.shared.OSpecification' is reachable from type argument 0 of type 'java.util.ArrayList<E>'
      'java.util.ArrayList<org.openxdata.modules.workflows.model.shared.OSpecification>' is reachable as a subtype of type 'class java.util.ArrayList<org.openxdata.modules.workflows.model.shared.OSpecification>'
      'java.util.ArrayList<org.openxdata.modules.workflows.model.shared.OSpecification>' is reachable from field 'ospecifications' of type 'org.openxdata.modules.workflows.shared.rpc.GetSpecsAction.Result'
      'org.openxdata.modules.workflows.shared.rpc.GetSpecsAction.Result' is reachable as a subtype of type 'interface net.customware.gwt.dispatch.shared.Result'
      Started from 'net.customware.gwt.dispatch.shared.Result'

java.util.ArrayList<org.openxdata.modules.workflows.model.shared.OSpecification>
   Serialization status
      Instantiable
   Path
      'java.util.ArrayList<org.openxdata.modules.workflows.model.shared.OSpecification>' is reachable from field 'ospecifications' of type 'org.openxdata.modules.workflows.shared.rpc.GetSpecsAction.Result'
      'org.openxdata.modules.workflows.shared.rpc.GetSpecsAction.Result' is reachable as a subtype of type 'interface net.customware.gwt.dispatch.shared.Result'
      Started from 'net.customware.gwt.dispatch.shared.Result'

java.util.ArrayList<org.openxdata.modules.workflows.model.shared.ODecomposition>
   Serialization status
      Instantiable
   Path
      'java.util.ArrayList<org.openxdata.modules.workflows.model.shared.ODecomposition>' is reachable from field 'decompositions' of type 'org.openxdata.modules.workflows.model.shared.OSpecification'
      'org.openxdata.modules.workflows.model.shared.OSpecification' is reachable as a subtype of type 'class org.openxdata.modules.workflows.model.shared.OSpecification'
      'org.openxdata.modules.workflows.model.shared.OSpecification' is reachable from type argument 0 of type 'java.util.ArrayList<E>'
      'java.util.ArrayList<org.openxdata.modules.workflows.model.shared.OSpecification>' is reachable as a subtype of type 'class java.util.ArrayList<org.openxdata.modules.workflows.model.shared.OSpecification>'
      'java.util.ArrayList<org.openxdata.modules.workflows.model.shared.OSpecification>' is reachable from field 'ospecifications' of type 'org.openxdata.modules.workflows.shared.rpc.GetSpecsAction.Result'
      'org.openxdata.modules.workflows.shared.rpc.GetSpecsAction.Result' is reachable as a subtype of type 'interface net.customware.gwt.dispatch.shared.Result'
      Started from 'net.customware.gwt.dispatch.shared.Result'

java.util.ArrayList<java.lang.String>
   Serialization status
      Instantiable
   Path
      'java.util.ArrayList<java.lang.String>' is reachable from field 'studies' of type 'org.openxdata.modules.workflows.shared.rpc.GetStudiesAction.Result'
      'org.openxdata.modules.workflows.shared.rpc.GetStudiesAction.Result' is reachable as a subtype of type 'interface net.customware.gwt.dispatch.shared.Result'
      Started from 'net.customware.gwt.dispatch.shared.Result'

java.util.ConcurrentModificationException
   Serialization status
      Instantiable
   Path
      'java.util.ConcurrentModificationException' is reachable as a subtype of type 'class java.lang.Exception'
      Started from 'java.lang.Exception'

java.util.EmptyStackException
   Serialization status
      Instantiable
   Path
      'java.util.EmptyStackException' is reachable as a subtype of type 'class java.lang.Exception'
      Started from 'java.lang.Exception'

java.util.HashMap<java.lang.String, org.openxdata.modules.workflows.model.shared.OParameter>
   Serialization status
      Instantiable
   Path
      'java.util.HashMap<java.lang.String, org.openxdata.modules.workflows.model.shared.OParameter>' is reachable from field 'mParams' of type 'org.openxdata.modules.workflows.model.shared.ODecomposition'
      'org.openxdata.modules.workflows.model.shared.ODecomposition' is reachable as a subtype of type 'class org.openxdata.modules.workflows.model.shared.ODecomposition'
      'org.openxdata.modules.workflows.model.shared.ODecomposition' is reachable from field 'decomposition' of type 'org.openxdata.modules.workflows.model.shared.OTask'
      'org.openxdata.modules.workflows.model.shared.OTask' is reachable as a subtype of type 'class org.openxdata.modules.workflows.model.shared.OTask'
      'org.openxdata.modules.workflows.model.shared.OTask' is reachable from type argument 0 of type 'java.util.ArrayList<E>'
      'java.util.ArrayList<org.openxdata.modules.workflows.model.shared.OTask>' is reachable as a subtype of type 'class java.util.ArrayList<org.openxdata.modules.workflows.model.shared.OTask>'
      'java.util.ArrayList<org.openxdata.modules.workflows.model.shared.OTask>' is reachable from field 'tasks' of type 'org.openxdata.modules.workflows.model.shared.OSpecification'
      'org.openxdata.modules.workflows.model.shared.OSpecification' is reachable as a subtype of type 'class org.openxdata.modules.workflows.model.shared.OSpecification'
      'org.openxdata.modules.workflows.model.shared.OSpecification' is reachable from type argument 0 of type 'java.util.ArrayList<E>'
      'java.util.ArrayList<org.openxdata.modules.workflows.model.shared.OSpecification>' is reachable as a subtype of type 'class java.util.ArrayList<org.openxdata.modules.workflows.model.shared.OSpecification>'
      'java.util.ArrayList<org.openxdata.modules.workflows.model.shared.OSpecification>' is reachable from field 'ospecifications' of type 'org.openxdata.modules.workflows.shared.rpc.GetSpecsAction.Result'
      'org.openxdata.modules.workflows.shared.rpc.GetSpecsAction.Result' is reachable as a subtype of type 'interface net.customware.gwt.dispatch.shared.Result'
      Started from 'net.customware.gwt.dispatch.shared.Result'

java.util.LinkedHashMap<java.lang.String, org.openxdata.modules.workflows.model.shared.OParameter>
   Serialization status
      Instantiable
   Path
      'java.util.LinkedHashMap<java.lang.String, org.openxdata.modules.workflows.model.shared.OParameter>' is reachable as a subtype of type 'class java.util.HashMap<java.lang.String, org.openxdata.modules.workflows.model.shared.OParameter>'
      'java.util.HashMap<java.lang.String, org.openxdata.modules.workflows.model.shared.OParameter>' is reachable from field 'mParams' of type 'org.openxdata.modules.workflows.model.shared.ODecomposition'
      'org.openxdata.modules.workflows.model.shared.ODecomposition' is reachable as a subtype of type 'class org.openxdata.modules.workflows.model.shared.ODecomposition'
      'org.openxdata.modules.workflows.model.shared.ODecomposition' is reachable from field 'decomposition' of type 'org.openxdata.modules.workflows.model.shared.OTask'
      'org.openxdata.modules.workflows.model.shared.OTask' is reachable as a subtype of type 'class org.openxdata.modules.workflows.model.shared.OTask'
      'org.openxdata.modules.workflows.model.shared.OTask' is reachable from type argument 0 of type 'java.util.ArrayList<E>'
      'java.util.ArrayList<org.openxdata.modules.workflows.model.shared.OTask>' is reachable as a subtype of type 'class java.util.ArrayList<org.openxdata.modules.workflows.model.shared.OTask>'
      'java.util.ArrayList<org.openxdata.modules.workflows.model.shared.OTask>' is reachable from field 'tasks' of type 'org.openxdata.modules.workflows.model.shared.OSpecification'
      'org.openxdata.modules.workflows.model.shared.OSpecification' is reachable as a subtype of type 'class org.openxdata.modules.workflows.model.shared.OSpecification'
      'org.openxdata.modules.workflows.model.shared.OSpecification' is reachable from type argument 0 of type 'java.util.ArrayList<E>'
      'java.util.ArrayList<org.openxdata.modules.workflows.model.shared.OSpecification>' is reachable as a subtype of type 'class java.util.ArrayList<org.openxdata.modules.workflows.model.shared.OSpecification>'
      'java.util.ArrayList<org.openxdata.modules.workflows.model.shared.OSpecification>' is reachable from field 'ospecifications' of type 'org.openxdata.modules.workflows.shared.rpc.GetSpecsAction.Result'
      'org.openxdata.modules.workflows.shared.rpc.GetSpecsAction.Result' is reachable as a subtype of type 'interface net.customware.gwt.dispatch.shared.Result'
      Started from 'net.customware.gwt.dispatch.shared.Result'

java.util.NoSuchElementException
   Serialization status
      Instantiable
   Path
      'java.util.NoSuchElementException' is reachable as a subtype of type 'class java.lang.Exception'
      Started from 'java.lang.Exception'

java.util.TooManyListenersException
   Serialization status
      Instantiable
   Path
      'java.util.TooManyListenersException' is reachable as a subtype of type 'class java.lang.Exception'
      Started from 'java.lang.Exception'

net.customware.gwt.dispatch.shared.ActionException
   Serialization status
      Instantiable
   Path
      'net.customware.gwt.dispatch.shared.ActionException' is reachable as a subtype of type 'class java.lang.Exception'
      Started from 'java.lang.Exception'

net.customware.gwt.dispatch.shared.Result
   Serialization status
      Not serializable
   Path
      Started from 'net.customware.gwt.dispatch.shared.Result'

net.customware.gwt.dispatch.shared.UnsupportedActionException
   Serialization status
      Instantiable
   Path
      'net.customware.gwt.dispatch.shared.UnsupportedActionException' is reachable as a subtype of type 'class java.lang.Exception'
      Started from 'java.lang.Exception'

org.openxdata.modules.workflows.model.shared.ODecomposition
   Serialization status
      Instantiable
   Path
      'org.openxdata.modules.workflows.model.shared.ODecomposition' is reachable from field 'decomposition' of type 'org.openxdata.modules.workflows.model.shared.OTask'
      'org.openxdata.modules.workflows.model.shared.OTask' is reachable as a subtype of type 'class org.openxdata.modules.workflows.model.shared.OTask'
      'org.openxdata.modules.workflows.model.shared.OTask' is reachable from type argument 0 of type 'java.util.ArrayList<E>'
      'java.util.ArrayList<org.openxdata.modules.workflows.model.shared.OTask>' is reachable as a subtype of type 'class java.util.ArrayList<org.openxdata.modules.workflows.model.shared.OTask>'
      'java.util.ArrayList<org.openxdata.modules.workflows.model.shared.OTask>' is reachable from field 'tasks' of type 'org.openxdata.modules.workflows.model.shared.OSpecification'
      'org.openxdata.modules.workflows.model.shared.OSpecification' is reachable as a subtype of type 'class org.openxdata.modules.workflows.model.shared.OSpecification'
      'org.openxdata.modules.workflows.model.shared.OSpecification' is reachable from type argument 0 of type 'java.util.ArrayList<E>'
      'java.util.ArrayList<org.openxdata.modules.workflows.model.shared.OSpecification>' is reachable as a subtype of type 'class java.util.ArrayList<org.openxdata.modules.workflows.model.shared.OSpecification>'
      'java.util.ArrayList<org.openxdata.modules.workflows.model.shared.OSpecification>' is reachable from field 'ospecifications' of type 'org.openxdata.modules.workflows.shared.rpc.GetSpecsAction.Result'
      'org.openxdata.modules.workflows.shared.rpc.GetSpecsAction.Result' is reachable as a subtype of type 'interface net.customware.gwt.dispatch.shared.Result'
      Started from 'net.customware.gwt.dispatch.shared.Result'

org.openxdata.modules.workflows.model.shared.OParameter
   Serialization status
      Instantiable
   Path
      'org.openxdata.modules.workflows.model.shared.OParameter' is reachable from type argument 1 of type 'java.util.HashMap<K, V>'
      'java.util.HashMap<java.lang.String, org.openxdata.modules.workflows.model.shared.OParameter>' is reachable as a subtype of type 'class java.util.HashMap<java.lang.String, org.openxdata.modules.workflows.model.shared.OParameter>'
      'java.util.HashMap<java.lang.String, org.openxdata.modules.workflows.model.shared.OParameter>' is reachable from field 'mParams' of type 'org.openxdata.modules.workflows.model.shared.ODecomposition'
      'org.openxdata.modules.workflows.model.shared.ODecomposition' is reachable as a subtype of type 'class org.openxdata.modules.workflows.model.shared.ODecomposition'
      'org.openxdata.modules.workflows.model.shared.ODecomposition' is reachable from field 'decomposition' of type 'org.openxdata.modules.workflows.model.shared.OTask'
      'org.openxdata.modules.workflows.model.shared.OTask' is reachable as a subtype of type 'class org.openxdata.modules.workflows.model.shared.OTask'
      'org.openxdata.modules.workflows.model.shared.OTask' is reachable from type argument 0 of type 'java.util.ArrayList<E>'
      'java.util.ArrayList<org.openxdata.modules.workflows.model.shared.OTask>' is reachable as a subtype of type 'class java.util.ArrayList<org.openxdata.modules.workflows.model.shared.OTask>'
      'java.util.ArrayList<org.openxdata.modules.workflows.model.shared.OTask>' is reachable from field 'tasks' of type 'org.openxdata.modules.workflows.model.shared.OSpecification'
      'org.openxdata.modules.workflows.model.shared.OSpecification' is reachable as a subtype of type 'class org.openxdata.modules.workflows.model.shared.OSpecification'
      'org.openxdata.modules.workflows.model.shared.OSpecification' is reachable from type argument 0 of type 'java.util.ArrayList<E>'
      'java.util.ArrayList<org.openxdata.modules.workflows.model.shared.OSpecification>' is reachable as a subtype of type 'class java.util.ArrayList<org.openxdata.modules.workflows.model.shared.OSpecification>'
      'java.util.ArrayList<org.openxdata.modules.workflows.model.shared.OSpecification>' is reachable from field 'ospecifications' of type 'org.openxdata.modules.workflows.shared.rpc.GetSpecsAction.Result'
      'org.openxdata.modules.workflows.shared.rpc.GetSpecsAction.Result' is reachable as a subtype of type 'interface net.customware.gwt.dispatch.shared.Result'
      Started from 'net.customware.gwt.dispatch.shared.Result'

org.openxdata.modules.workflows.model.shared.OParameter.Flow
   Serialization status
      Instantiable
   Path
      'org.openxdata.modules.workflows.model.shared.OParameter.Flow' is reachable from field 'flow' of type 'org.openxdata.modules.workflows.model.shared.OParameter'
      'org.openxdata.modules.workflows.model.shared.OParameter' is reachable as a subtype of type 'class org.openxdata.modules.workflows.model.shared.OParameter'
      'org.openxdata.modules.workflows.model.shared.OParameter' is reachable from type argument 1 of type 'java.util.HashMap<K, V>'
      'java.util.HashMap<java.lang.String, org.openxdata.modules.workflows.model.shared.OParameter>' is reachable as a subtype of type 'class java.util.HashMap<java.lang.String, org.openxdata.modules.workflows.model.shared.OParameter>'
      'java.util.HashMap<java.lang.String, org.openxdata.modules.workflows.model.shared.OParameter>' is reachable from field 'mParams' of type 'org.openxdata.modules.workflows.model.shared.ODecomposition'
      'org.openxdata.modules.workflows.model.shared.ODecomposition' is reachable as a subtype of type 'class org.openxdata.modules.workflows.model.shared.ODecomposition'
      'org.openxdata.modules.workflows.model.shared.ODecomposition' is reachable from field 'decomposition' of type 'org.openxdata.modules.workflows.model.shared.OTask'
      'org.openxdata.modules.workflows.model.shared.OTask' is reachable as a subtype of type 'class org.openxdata.modules.workflows.model.shared.OTask'
      'org.openxdata.modules.workflows.model.shared.OTask' is reachable from type argument 0 of type 'java.util.ArrayList<E>'
      'java.util.ArrayList<org.openxdata.modules.workflows.model.shared.OTask>' is reachable as a subtype of type 'class java.util.ArrayList<org.openxdata.modules.workflows.model.shared.OTask>'
      'java.util.ArrayList<org.openxdata.modules.workflows.model.shared.OTask>' is reachable from field 'tasks' of type 'org.openxdata.modules.workflows.model.shared.OSpecification'
      'org.openxdata.modules.workflows.model.shared.OSpecification' is reachable as a subtype of type 'class org.openxdata.modules.workflows.model.shared.OSpecification'
      'org.openxdata.modules.workflows.model.shared.OSpecification' is reachable from type argument 0 of type 'java.util.ArrayList<E>'
      'java.util.ArrayList<org.openxdata.modules.workflows.model.shared.OSpecification>' is reachable as a subtype of type 'class java.util.ArrayList<org.openxdata.modules.workflows.model.shared.OSpecification>'
      'java.util.ArrayList<org.openxdata.modules.workflows.model.shared.OSpecification>' is reachable from field 'ospecifications' of type 'org.openxdata.modules.workflows.shared.rpc.GetSpecsAction.Result'
      'org.openxdata.modules.workflows.shared.rpc.GetSpecsAction.Result' is reachable as a subtype of type 'interface net.customware.gwt.dispatch.shared.Result'
      Started from 'net.customware.gwt.dispatch.shared.Result'

org.openxdata.modules.workflows.model.shared.OSpecification
   Serialization status
      Instantiable
   Path
      'org.openxdata.modules.workflows.model.shared.OSpecification' is reachable from type argument 0 of type 'java.util.ArrayList<E>'
      'java.util.ArrayList<org.openxdata.modules.workflows.model.shared.OSpecification>' is reachable as a subtype of type 'class java.util.ArrayList<org.openxdata.modules.workflows.model.shared.OSpecification>'
      'java.util.ArrayList<org.openxdata.modules.workflows.model.shared.OSpecification>' is reachable from field 'ospecifications' of type 'org.openxdata.modules.workflows.shared.rpc.GetSpecsAction.Result'
      'org.openxdata.modules.workflows.shared.rpc.GetSpecsAction.Result' is reachable as a subtype of type 'interface net.customware.gwt.dispatch.shared.Result'
      Started from 'net.customware.gwt.dispatch.shared.Result'

org.openxdata.modules.workflows.model.shared.OTask
   Serialization status
      Instantiable
   Path
      'org.openxdata.modules.workflows.model.shared.OTask' is reachable from type argument 0 of type 'java.util.ArrayList<E>'
      'java.util.ArrayList<org.openxdata.modules.workflows.model.shared.OTask>' is reachable as a subtype of type 'class java.util.ArrayList<org.openxdata.modules.workflows.model.shared.OTask>'
      'java.util.ArrayList<org.openxdata.modules.workflows.model.shared.OTask>' is reachable from field 'tasks' of type 'org.openxdata.modules.workflows.model.shared.OSpecification'
      'org.openxdata.modules.workflows.model.shared.OSpecification' is reachable as a subtype of type 'class org.openxdata.modules.workflows.model.shared.OSpecification'
      'org.openxdata.modules.workflows.model.shared.OSpecification' is reachable from type argument 0 of type 'java.util.ArrayList<E>'
      'java.util.ArrayList<org.openxdata.modules.workflows.model.shared.OSpecification>' is reachable as a subtype of type 'class java.util.ArrayList<org.openxdata.modules.workflows.model.shared.OSpecification>'
      'java.util.ArrayList<org.openxdata.modules.workflows.model.shared.OSpecification>' is reachable from field 'ospecifications' of type 'org.openxdata.modules.workflows.shared.rpc.GetSpecsAction.Result'
      'org.openxdata.modules.workflows.shared.rpc.GetSpecsAction.Result' is reachable as a subtype of type 'interface net.customware.gwt.dispatch.shared.Result'
      Started from 'net.customware.gwt.dispatch.shared.Result'

org.openxdata.modules.workflows.shared.rpc.GetSpecsAction.Result
   Serialization status
      Instantiable
   Path
      'org.openxdata.modules.workflows.shared.rpc.GetSpecsAction.Result' is reachable as a subtype of type 'interface net.customware.gwt.dispatch.shared.Result'
      Started from 'net.customware.gwt.dispatch.shared.Result'

org.openxdata.modules.workflows.shared.rpc.GetStudiesAction.Result
   Serialization status
      Instantiable
   Path
      'org.openxdata.modules.workflows.shared.rpc.GetStudiesAction.Result' is reachable as a subtype of type 'interface net.customware.gwt.dispatch.shared.Result'
      Started from 'net.customware.gwt.dispatch.shared.Result'

org.openxdata.modules.workflows.shared.rpc.ParseSpecAction.Result
   Serialization status
      Instantiable
   Path
      'org.openxdata.modules.workflows.shared.rpc.ParseSpecAction.Result' is reachable as a subtype of type 'interface net.customware.gwt.dispatch.shared.Result'
      Started from 'net.customware.gwt.dispatch.shared.Result'

org.openxdata.server.admin.model.exception.ContextException
   Serialization status
      Instantiable
   Path
      'org.openxdata.server.admin.model.exception.ContextException' is reachable as a subtype of type 'class java.lang.Exception'
      Started from 'java.lang.Exception'

org.openxdata.server.admin.model.exception.OpenXDataDisabledUserException
   Serialization status
      Instantiable
   Path
      'org.openxdata.server.admin.model.exception.OpenXDataDisabledUserException' is reachable as a subtype of type 'class java.lang.Exception'
      Started from 'java.lang.Exception'

org.openxdata.server.admin.model.exception.OpenXDataException
   Serialization status
      Instantiable
   Path
      'org.openxdata.server.admin.model.exception.OpenXDataException' is reachable as a supertype of type 'class org.openxdata.server.admin.model.exception.ContextException'
      'org.openxdata.server.admin.model.exception.ContextException' is reachable as a subtype of type 'class java.lang.Exception'
      Started from 'java.lang.Exception'

org.openxdata.server.admin.model.exception.OpenXDataParsingException
   Serialization status
      Instantiable
   Path
      'org.openxdata.server.admin.model.exception.OpenXDataParsingException' is reachable as a subtype of type 'class java.lang.Exception'
      Started from 'java.lang.Exception'

org.openxdata.server.admin.model.exception.OpenXDataRuntimeException
   Serialization status
      Instantiable
   Path
      'org.openxdata.server.admin.model.exception.OpenXDataRuntimeException' is reachable as a supertype of type 'class org.openxdata.server.admin.model.exception.OpenXdataDataAccessException'
      'org.openxdata.server.admin.model.exception.OpenXdataDataAccessException' is reachable as a subtype of type 'class java.lang.Exception'
      Started from 'java.lang.Exception'

org.openxdata.server.admin.model.exception.OpenXDataSecurityException
   Serialization status
      Instantiable
   Path
      'org.openxdata.server.admin.model.exception.OpenXDataSecurityException' is reachable as a supertype of type 'class org.openxdata.server.admin.model.exception.OpenXDataDisabledUserException'
      'org.openxdata.server.admin.model.exception.OpenXDataDisabledUserException' is reachable as a subtype of type 'class java.lang.Exception'
      Started from 'java.lang.Exception'

org.openxdata.server.admin.model.exception.OpenXDataSessionExpiredException
   Serialization status
      Instantiable
   Path
      'org.openxdata.server.admin.model.exception.OpenXDataSessionExpiredException' is reachable as a subtype of type 'class java.lang.Exception'
      Started from 'java.lang.Exception'

org.openxdata.server.admin.model.exception.OpenXDataValidationException
   Serialization status
      Instantiable
   Path
      'org.openxdata.server.admin.model.exception.OpenXDataValidationException' is reachable as a subtype of type 'class java.lang.Exception'
      Started from 'java.lang.Exception'

org.openxdata.server.admin.model.exception.OpenXdataDataAccessException
   Serialization status
      Instantiable
   Path
      'org.openxdata.server.admin.model.exception.OpenXdataDataAccessException' is reachable as a subtype of type 'class java.lang.Exception'
      Started from 'java.lang.Exception'

org.openxdata.server.admin.model.exception.ReplaceThisExceptionRuntimeException
   Serialization status
      Instantiable
   Path
      'org.openxdata.server.admin.model.exception.ReplaceThisExceptionRuntimeException' is reachable as a subtype of type 'class java.lang.Exception'
      Started from 'java.lang.Exception'

org.openxdata.server.admin.model.exception.UnexpectedException
   Serialization status
      Instantiable
   Path
      'org.openxdata.server.admin.model.exception.UnexpectedException' is reachable as a subtype of type 'class java.lang.Exception'
      Started from 'java.lang.Exception'

org.openxdata.server.admin.model.exception.UserNotFoundException
   Serialization status
      Instantiable
   Path
      'org.openxdata.server.admin.model.exception.UserNotFoundException' is reachable as a subtype of type 'class java.lang.Exception'
      Started from 'java.lang.Exception'

short
   Serialization status
      Not serializable
   Path
      'short' is reachable from field 'code' of type 'com.google.gwt.xml.client.DOMException'
      'com.google.gwt.xml.client.DOMException' is reachable as a supertype of type 'class com.google.gwt.xml.client.impl.DOMParseException'
      'com.google.gwt.xml.client.impl.DOMParseException' is reachable as a subtype of type 'class java.lang.Exception'
      Started from 'java.lang.Exception'

