org.springframework.web.context.ContextLoader 2010-11-18 18:06:03,322 -- ERROR -- Context initialization failed
org.springframework.beans.factory.BeanCreationException: Error creating bean with name 'schedulerService': Autowiring of fields failed; nested exception is org.springframework.beans.factory.BeanCreationException: Could not autowire field: private org.openxdata.server.dao.TaskDAO org.openxdata.server.service.impl.SchedulerServiceImpl.taskDAO; nested exception is org.springframework.beans.factory.CannotLoadBeanClassException: Cannot find class [org.openxdata.server.security.OpenXDataAccessDecisionManager] for bean with name 'accessDecisionManager' defined in class path resource [openxdata-server-applicationContext-security.xml]; nested exception is java.lang.ClassNotFoundException: org.openxdata.server.security.OpenXDataAccessDecisionManager
	at org.springframework.beans.factory.annotation.AutowiredAnnotationBeanPostProcessor.postProcessAfterInstantiation(AutowiredAnnotationBeanPostProcessor.java:241)
	at org.springframework.beans.factory.support.AbstractAutowireCapableBeanFactory.populateBean(AbstractAutowireCapableBeanFactory.java:927)
	at org.springframework.beans.factory.support.AbstractAutowireCapableBeanFactory.doCreateBean(AbstractAutowireCapableBeanFactory.java:462)
	at org.springframework.beans.factory.support.AbstractAutowireCapableBeanFactory$1.run(AbstractAutowireCapableBeanFactory.java:404)
	at java.security.AccessController.doPrivileged(Native Method)
	at org.springframework.beans.factory.support.AbstractAutowireCapableBeanFactory.createBean(AbstractAutowireCapableBeanFactory.java:375)
	at org.springframework.beans.factory.support.AbstractBeanFactory$1.getObject(AbstractBeanFactory.java:263)
	at org.springframework.beans.factory.support.DefaultSingletonBeanRegistry.getSingleton(DefaultSingletonBeanRegistry.java:170)
	at org.springframework.beans.factory.support.AbstractBeanFactory.doGetBean(AbstractBeanFactory.java:260)
	at org.springframework.beans.factory.support.AbstractBeanFactory.getBean(AbstractBeanFactory.java:184)
	at org.springframework.beans.factory.support.AbstractBeanFactory.getBean(AbstractBeanFactory.java:163)
	at org.springframework.beans.factory.support.DefaultListableBeanFactory.preInstantiateSingletons(DefaultListableBeanFactory.java:430)
	at org.springframework.context.support.AbstractApplicationContext.finishBeanFactoryInitialization(AbstractApplicationContext.java:729)
	at org.springframework.context.support.AbstractApplicationContext.refresh(AbstractApplicationContext.java:381)
	at org.springframework.web.context.ContextLoader.createWebApplicationContext(ContextLoader.java:254)
	at org.springframework.web.context.ContextLoader.initWebApplicationContext(ContextLoader.java:198)
	at org.springframework.web.context.ContextLoaderListener.contextInitialized(ContextLoaderListener.java:45)
	at org.mortbay.jetty.handler.ContextHandler.startContext(ContextHandler.java:543)
	at org.mortbay.jetty.servlet.Context.startContext(Context.java:136)
	at org.mortbay.jetty.webapp.WebAppContext.startContext(WebAppContext.java:1220)
	at org.mortbay.jetty.handler.ContextHandler.doStart(ContextHandler.java:513)
	at org.mortbay.jetty.webapp.WebAppContext.doStart(WebAppContext.java:448)
	at com.google.gwt.dev.shell.jetty.JettyLauncher$WebAppContextWithReload.doStart(JettyLauncher.java:447)
	at org.mortbay.component.AbstractLifeCycle.start(AbstractLifeCycle.java:39)
	at org.mortbay.jetty.handler.HandlerWrapper.doStart(HandlerWrapper.java:130)
	at org.mortbay.jetty.handler.RequestLogHandler.doStart(RequestLogHandler.java:115)
	at org.mortbay.component.AbstractLifeCycle.start(AbstractLifeCycle.java:39)
	at org.mortbay.jetty.handler.HandlerWrapper.doStart(HandlerWrapper.java:130)
	at org.mortbay.jetty.Server.doStart(Server.java:222)
	at org.mortbay.component.AbstractLifeCycle.start(AbstractLifeCycle.java:39)
	at com.google.gwt.dev.shell.jetty.JettyLauncher.start(JettyLauncher.java:543)
	at com.google.gwt.dev.DevMode.doStartUpServer(DevMode.java:421)
	at com.google.gwt.dev.DevModeBase.startUp(DevModeBase.java:1035)
	at com.google.gwt.dev.DevModeBase.run(DevModeBase.java:783)
	at com.google.gwt.dev.DevMode.main(DevMode.java:275)
Caused by: org.springframework.beans.factory.BeanCreationException: Could not autowire field: private org.openxdata.server.dao.TaskDAO org.openxdata.server.service.impl.SchedulerServiceImpl.taskDAO; nested exception is org.springframework.beans.factory.CannotLoadBeanClassException: Cannot find class [org.openxdata.server.security.OpenXDataAccessDecisionManager] for bean with name 'accessDecisionManager' defined in class path resource [openxdata-server-applicationContext-security.xml]; nested exception is java.lang.ClassNotFoundException: org.openxdata.server.security.OpenXDataAccessDecisionManager
	at org.springframework.beans.factory.annotation.AutowiredAnnotationBeanPostProcessor$AutowiredFieldElement.inject(AutowiredAnnotationBeanPostProcessor.java:433)
	at org.springframework.beans.factory.annotation.InjectionMetadata.injectFields(InjectionMetadata.java:104)
	at org.springframework.beans.factory.annotation.AutowiredAnnotationBeanPostProcessor.postProcessAfterInstantiation(AutowiredAnnotationBeanPostProcessor.java:238)
	... 34 more
Caused by: org.springframework.beans.factory.CannotLoadBeanClassException: Cannot find class [org.openxdata.server.security.OpenXDataAccessDecisionManager] for bean with name 'accessDecisionManager' defined in class path resource [openxdata-server-applicationContext-security.xml]; nested exception is java.lang.ClassNotFoundException: org.openxdata.server.security.OpenXDataAccessDecisionManager
	at org.springframework.beans.factory.support.AbstractBeanFactory.resolveBeanClass(AbstractBeanFactory.java:1137)
	at org.springframework.beans.factory.support.AbstractAutowireCapableBeanFactory.predictBeanType(AbstractAutowireCapableBeanFactory.java:514)
	at org.springframework.beans.factory.support.DefaultListableBeanFactory.getBeanNamesForType(DefaultListableBeanFactory.java:222)
	at org.springframework.beans.factory.support.DefaultListableBeanFactory.getBeanNamesForType(DefaultListableBeanFactory.java:202)
	at org.springframework.beans.factory.BeanFactoryUtils.beanNamesForTypeIncludingAncestors(BeanFactoryUtils.java:143)
	at org.springframework.beans.factory.support.DefaultListableBeanFactory.findAutowireCandidates(DefaultListableBeanFactory.java:653)
	at org.springframework.beans.factory.support.DefaultListableBeanFactory.resolveDependency(DefaultListableBeanFactory.java:611)
	at org.springframework.beans.factory.annotation.AutowiredAnnotationBeanPostProcessor$AutowiredFieldElement.inject(AutowiredAnnotationBeanPostProcessor.java:410)
	... 36 more
Caused by: java.lang.ClassNotFoundException: org.openxdata.server.security.OpenXDataAccessDecisionManager
	at java.lang.ClassLoader.findClass(ClassLoader.java:359)
	at java.lang.ClassLoader.loadClass(ClassLoader.java:307)
	at java.lang.ClassLoader.loadClass(ClassLoader.java:248)
	at org.mortbay.jetty.webapp.WebAppClassLoader.loadClass(WebAppClassLoader.java:352)
	at org.mortbay.jetty.webapp.WebAppClassLoader.loadClass(WebAppClassLoader.java:337)
	at org.springframework.util.ClassUtils.forName(ClassUtils.java:230)
	at org.springframework.beans.factory.support.AbstractBeanDefinition.resolveBeanClass(AbstractBeanDefinition.java:381)
	at org.springframework.beans.factory.support.AbstractBeanFactory.resolveBeanClass(AbstractBeanFactory.java:1134)
	... 43 more
org.springframework.web.context.ContextLoader 2010-11-18 18:06:03,322 -- ERROR -- Context initialization failed
org.springframework.beans.factory.BeanCreationException: Error creating bean with name 'schedulerService': Autowiring of fields failed; nested exception is org.springframework.beans.factory.BeanCreationException: Could not autowire field: private org.openxdata.server.dao.TaskDAO org.openxdata.server.service.impl.SchedulerServiceImpl.taskDAO; nested exception is org.springframework.beans.factory.CannotLoadBeanClassException: Cannot find class [org.openxdata.server.security.OpenXDataAccessDecisionManager] for bean with name 'accessDecisionManager' defined in class path resource [openxdata-server-applicationContext-security.xml]; nested exception is java.lang.ClassNotFoundException: org.openxdata.server.security.OpenXDataAccessDecisionManager
	at org.springframework.beans.factory.annotation.AutowiredAnnotationBeanPostProcessor.postProcessAfterInstantiation(AutowiredAnnotationBeanPostProcessor.java:241)
	at org.springframework.beans.factory.support.AbstractAutowireCapableBeanFactory.populateBean(AbstractAutowireCapableBeanFactory.java:927)
	at org.springframework.beans.factory.support.AbstractAutowireCapableBeanFactory.doCreateBean(AbstractAutowireCapableBeanFactory.java:462)
	at org.springframework.beans.factory.support.AbstractAutowireCapableBeanFactory$1.run(AbstractAutowireCapableBeanFactory.java:404)
	at java.security.AccessController.doPrivileged(Native Method)
	at org.springframework.beans.factory.support.AbstractAutowireCapableBeanFactory.createBean(AbstractAutowireCapableBeanFactory.java:375)
	at org.springframework.beans.factory.support.AbstractBeanFactory$1.getObject(AbstractBeanFactory.java:263)
	at org.springframework.beans.factory.support.DefaultSingletonBeanRegistry.getSingleton(DefaultSingletonBeanRegistry.java:170)
	at org.springframework.beans.factory.support.AbstractBeanFactory.doGetBean(AbstractBeanFactory.java:260)
	at org.springframework.beans.factory.support.AbstractBeanFactory.getBean(AbstractBeanFactory.java:184)
	at org.springframework.beans.factory.support.AbstractBeanFactory.getBean(AbstractBeanFactory.java:163)
	at org.springframework.beans.factory.support.DefaultListableBeanFactory.preInstantiateSingletons(DefaultListableBeanFactory.java:430)
	at org.springframework.context.support.AbstractApplicationContext.finishBeanFactoryInitialization(AbstractApplicationContext.java:729)
	at org.springframework.context.support.AbstractApplicationContext.refresh(AbstractApplicationContext.java:381)
	at org.springframework.web.context.ContextLoader.createWebApplicationContext(ContextLoader.java:254)
	at org.springframework.web.context.ContextLoader.initWebApplicationContext(ContextLoader.java:198)
	at org.springframework.web.context.ContextLoaderListener.contextInitialized(ContextLoaderListener.java:45)
	at org.mortbay.jetty.handler.ContextHandler.startContext(ContextHandler.java:543)
	at org.mortbay.jetty.servlet.Context.startContext(Context.java:136)
	at org.mortbay.jetty.webapp.WebAppContext.startContext(WebAppContext.java:1220)
	at org.mortbay.jetty.handler.ContextHandler.doStart(ContextHandler.java:513)
	at org.mortbay.jetty.webapp.WebAppContext.doStart(WebAppContext.java:448)
	at com.google.gwt.dev.shell.jetty.JettyLauncher$WebAppContextWithReload.doStart(JettyLauncher.java:447)
	at org.mortbay.component.AbstractLifeCycle.start(AbstractLifeCycle.java:39)
	at org.mortbay.jetty.handler.HandlerWrapper.doStart(HandlerWrapper.java:130)
	at org.mortbay.jetty.handler.RequestLogHandler.doStart(RequestLogHandler.java:115)
	at org.mortbay.component.AbstractLifeCycle.start(AbstractLifeCycle.java:39)
	at org.mortbay.jetty.handler.HandlerWrapper.doStart(HandlerWrapper.java:130)
	at org.mortbay.jetty.Server.doStart(Server.java:222)
	at org.mortbay.component.AbstractLifeCycle.start(AbstractLifeCycle.java:39)
	at com.google.gwt.dev.shell.jetty.JettyLauncher.start(JettyLauncher.java:543)
	at com.google.gwt.dev.DevMode.doStartUpServer(DevMode.java:421)
	at com.google.gwt.dev.DevModeBase.startUp(DevModeBase.java:1035)
	at com.google.gwt.dev.DevModeBase.run(DevModeBase.java:783)
	at com.google.gwt.dev.DevMode.main(DevMode.java:275)
Caused by: org.springframework.beans.factory.BeanCreationException: Could not autowire field: private org.openxdata.server.dao.TaskDAO org.openxdata.server.service.impl.SchedulerServiceImpl.taskDAO; nested exception is org.springframework.beans.factory.CannotLoadBeanClassException: Cannot find class [org.openxdata.server.security.OpenXDataAccessDecisionManager] for bean with name 'accessDecisionManager' defined in class path resource [openxdata-server-applicationContext-security.xml]; nested exception is java.lang.ClassNotFoundException: org.openxdata.server.security.OpenXDataAccessDecisionManager
	at org.springframework.beans.factory.annotation.AutowiredAnnotationBeanPostProcessor$AutowiredFieldElement.inject(AutowiredAnnotationBeanPostProcessor.java:433)
	at org.springframework.beans.factory.annotation.InjectionMetadata.injectFields(InjectionMetadata.java:104)
	at org.springframework.beans.factory.annotation.AutowiredAnnotationBeanPostProcessor.postProcessAfterInstantiation(AutowiredAnnotationBeanPostProcessor.java:238)
	... 34 more
Caused by: org.springframework.beans.factory.CannotLoadBeanClassException: Cannot find class [org.openxdata.server.security.OpenXDataAccessDecisionManager] for bean with name 'accessDecisionManager' defined in class path resource [openxdata-server-applicationContext-security.xml]; nested exception is java.lang.ClassNotFoundException: org.openxdata.server.security.OpenXDataAccessDecisionManager
	at org.springframework.beans.factory.support.AbstractBeanFactory.resolveBeanClass(AbstractBeanFactory.java:1137)
	at org.springframework.beans.factory.support.AbstractAutowireCapableBeanFactory.predictBeanType(AbstractAutowireCapableBeanFactory.java:514)
	at org.springframework.beans.factory.support.DefaultListableBeanFactory.getBeanNamesForType(DefaultListableBeanFactory.java:222)
	at org.springframework.beans.factory.support.DefaultListableBeanFactory.getBeanNamesForType(DefaultListableBeanFactory.java:202)
	at org.springframework.beans.factory.BeanFactoryUtils.beanNamesForTypeIncludingAncestors(BeanFactoryUtils.java:143)
	at org.springframework.beans.factory.support.DefaultListableBeanFactory.findAutowireCandidates(DefaultListableBeanFactory.java:653)
	at org.springframework.beans.factory.support.DefaultListableBeanFactory.resolveDependency(DefaultListableBeanFactory.java:611)
	at org.springframework.beans.factory.annotation.AutowiredAnnotationBeanPostProcessor$AutowiredFieldElement.inject(AutowiredAnnotationBeanPostProcessor.java:410)
	... 36 more
Caused by: java.lang.ClassNotFoundException: org.openxdata.server.security.OpenXDataAccessDecisionManager
	at java.lang.ClassLoader.findClass(ClassLoader.java:359)
	at java.lang.ClassLoader.loadClass(ClassLoader.java:307)
	at java.lang.ClassLoader.loadClass(ClassLoader.java:248)
	at org.mortbay.jetty.webapp.WebAppClassLoader.loadClass(WebAppClassLoader.java:352)
	at org.mortbay.jetty.webapp.WebAppClassLoader.loadClass(WebAppClassLoader.java:337)
	at org.springframework.util.ClassUtils.forName(ClassUtils.java:230)
	at org.springframework.beans.factory.support.AbstractBeanDefinition.resolveBeanClass(AbstractBeanDefinition.java:381)
	at org.springframework.beans.factory.support.AbstractBeanFactory.resolveBeanClass(AbstractBeanFactory.java:1134)
	... 43 more
org.springframework.web.context.ContextLoader 2010-11-18 18:41:49,940 -- ERROR -- Context initialization failed
org.springframework.beans.factory.BeanCreationException: Error creating bean with name 'schedulerService': Autowiring of fields failed; nested exception is org.springframework.beans.factory.BeanCreationException: Could not autowire field: private org.openxdata.server.dao.TaskDAO org.openxdata.server.service.impl.SchedulerServiceImpl.taskDAO; nested exception is org.springframework.beans.factory.CannotLoadBeanClassException: Cannot find class [org.openxdata.server.security.OpenXDataAccessDecisionManager] for bean with name 'accessDecisionManager' defined in class path resource [openxdata-server-applicationContext-security.xml]; nested exception is java.lang.ClassNotFoundException: org.openxdata.server.security.OpenXDataAccessDecisionManager
	at org.springframework.beans.factory.annotation.AutowiredAnnotationBeanPostProcessor.postProcessAfterInstantiation(AutowiredAnnotationBeanPostProcessor.java:241)
	at org.springframework.beans.factory.support.AbstractAutowireCapableBeanFactory.populateBean(AbstractAutowireCapableBeanFactory.java:927)
	at org.springframework.beans.factory.support.AbstractAutowireCapableBeanFactory.doCreateBean(AbstractAutowireCapableBeanFactory.java:462)
	at org.springframework.beans.factory.support.AbstractAutowireCapableBeanFactory$1.run(AbstractAutowireCapableBeanFactory.java:404)
	at java.security.AccessController.doPrivileged(Native Method)
	at org.springframework.beans.factory.support.AbstractAutowireCapableBeanFactory.createBean(AbstractAutowireCapableBeanFactory.java:375)
	at org.springframework.beans.factory.support.AbstractBeanFactory$1.getObject(AbstractBeanFactory.java:263)
	at org.springframework.beans.factory.support.DefaultSingletonBeanRegistry.getSingleton(DefaultSingletonBeanRegistry.java:170)
	at org.springframework.beans.factory.support.AbstractBeanFactory.doGetBean(AbstractBeanFactory.java:260)
	at org.springframework.beans.factory.support.AbstractBeanFactory.getBean(AbstractBeanFactory.java:184)
	at org.springframework.beans.factory.support.AbstractBeanFactory.getBean(AbstractBeanFactory.java:163)
	at org.springframework.beans.factory.support.DefaultListableBeanFactory.preInstantiateSingletons(DefaultListableBeanFactory.java:430)
	at org.springframework.context.support.AbstractApplicationContext.finishBeanFactoryInitialization(AbstractApplicationContext.java:729)
	at org.springframework.context.support.AbstractApplicationContext.refresh(AbstractApplicationContext.java:381)
	at org.springframework.web.context.ContextLoader.createWebApplicationContext(ContextLoader.java:254)
	at org.springframework.web.context.ContextLoader.initWebApplicationContext(ContextLoader.java:198)
	at org.springframework.web.context.ContextLoaderListener.contextInitialized(ContextLoaderListener.java:45)
	at org.mortbay.jetty.handler.ContextHandler.startContext(ContextHandler.java:543)
	at org.mortbay.jetty.servlet.Context.startContext(Context.java:136)
	at org.mortbay.jetty.webapp.WebAppContext.startContext(WebAppContext.java:1220)
	at org.mortbay.jetty.handler.ContextHandler.doStart(ContextHandler.java:513)
	at org.mortbay.jetty.webapp.WebAppContext.doStart(WebAppContext.java:448)
	at com.google.gwt.dev.shell.jetty.JettyLauncher$WebAppContextWithReload.doStart(JettyLauncher.java:447)
	at org.mortbay.component.AbstractLifeCycle.start(AbstractLifeCycle.java:39)
	at org.mortbay.jetty.handler.HandlerWrapper.doStart(HandlerWrapper.java:130)
	at org.mortbay.jetty.handler.RequestLogHandler.doStart(RequestLogHandler.java:115)
	at org.mortbay.component.AbstractLifeCycle.start(AbstractLifeCycle.java:39)
	at org.mortbay.jetty.handler.HandlerWrapper.doStart(HandlerWrapper.java:130)
	at org.mortbay.jetty.Server.doStart(Server.java:222)
	at org.mortbay.component.AbstractLifeCycle.start(AbstractLifeCycle.java:39)
	at com.google.gwt.dev.shell.jetty.JettyLauncher.start(JettyLauncher.java:543)
	at com.google.gwt.dev.DevMode.doStartUpServer(DevMode.java:421)
	at com.google.gwt.dev.DevModeBase.startUp(DevModeBase.java:1035)
	at com.google.gwt.dev.DevModeBase.run(DevModeBase.java:783)
	at com.google.gwt.dev.DevMode.main(DevMode.java:275)
Caused by: org.springframework.beans.factory.BeanCreationException: Could not autowire field: private org.openxdata.server.dao.TaskDAO org.openxdata.server.service.impl.SchedulerServiceImpl.taskDAO; nested exception is org.springframework.beans.factory.CannotLoadBeanClassException: Cannot find class [org.openxdata.server.security.OpenXDataAccessDecisionManager] for bean with name 'accessDecisionManager' defined in class path resource [openxdata-server-applicationContext-security.xml]; nested exception is java.lang.ClassNotFoundException: org.openxdata.server.security.OpenXDataAccessDecisionManager
	at org.springframework.beans.factory.annotation.AutowiredAnnotationBeanPostProcessor$AutowiredFieldElement.inject(AutowiredAnnotationBeanPostProcessor.java:433)
	at org.springframework.beans.factory.annotation.InjectionMetadata.injectFields(InjectionMetadata.java:104)
	at org.springframework.beans.factory.annotation.AutowiredAnnotationBeanPostProcessor.postProcessAfterInstantiation(AutowiredAnnotationBeanPostProcessor.java:238)
	... 34 more
Caused by: org.springframework.beans.factory.CannotLoadBeanClassException: Cannot find class [org.openxdata.server.security.OpenXDataAccessDecisionManager] for bean with name 'accessDecisionManager' defined in class path resource [openxdata-server-applicationContext-security.xml]; nested exception is java.lang.ClassNotFoundException: org.openxdata.server.security.OpenXDataAccessDecisionManager
	at org.springframework.beans.factory.support.AbstractBeanFactory.resolveBeanClass(AbstractBeanFactory.java:1137)
	at org.springframework.beans.factory.support.AbstractAutowireCapableBeanFactory.predictBeanType(AbstractAutowireCapableBeanFactory.java:514)
	at org.springframework.beans.factory.support.DefaultListableBeanFactory.getBeanNamesForType(DefaultListableBeanFactory.java:222)
	at org.springframework.beans.factory.support.DefaultListableBeanFactory.getBeanNamesForType(DefaultListableBeanFactory.java:202)
	at org.springframework.beans.factory.BeanFactoryUtils.beanNamesForTypeIncludingAncestors(BeanFactoryUtils.java:143)
	at org.springframework.beans.factory.support.DefaultListableBeanFactory.findAutowireCandidates(DefaultListableBeanFactory.java:653)
	at org.springframework.beans.factory.support.DefaultListableBeanFactory.resolveDependency(DefaultListableBeanFactory.java:611)
	at org.springframework.beans.factory.annotation.AutowiredAnnotationBeanPostProcessor$AutowiredFieldElement.inject(AutowiredAnnotationBeanPostProcessor.java:410)
	... 36 more
Caused by: java.lang.ClassNotFoundException: org.openxdata.server.security.OpenXDataAccessDecisionManager
	at java.lang.ClassLoader.findClass(ClassLoader.java:359)
	at java.lang.ClassLoader.loadClass(ClassLoader.java:307)
	at java.lang.ClassLoader.loadClass(ClassLoader.java:248)
	at org.mortbay.jetty.webapp.WebAppClassLoader.loadClass(WebAppClassLoader.java:352)
	at org.mortbay.jetty.webapp.WebAppClassLoader.loadClass(WebAppClassLoader.java:337)
	at org.springframework.util.ClassUtils.forName(ClassUtils.java:230)
	at org.springframework.beans.factory.support.AbstractBeanDefinition.resolveBeanClass(AbstractBeanDefinition.java:381)
	at org.springframework.beans.factory.support.AbstractBeanFactory.resolveBeanClass(AbstractBeanFactory.java:1134)
	... 43 more
org.springframework.web.context.ContextLoader 2010-11-18 18:41:49,940 -- ERROR -- Context initialization failed
org.springframework.beans.factory.BeanCreationException: Error creating bean with name 'schedulerService': Autowiring of fields failed; nested exception is org.springframework.beans.factory.BeanCreationException: Could not autowire field: private org.openxdata.server.dao.TaskDAO org.openxdata.server.service.impl.SchedulerServiceImpl.taskDAO; nested exception is org.springframework.beans.factory.CannotLoadBeanClassException: Cannot find class [org.openxdata.server.security.OpenXDataAccessDecisionManager] for bean with name 'accessDecisionManager' defined in class path resource [openxdata-server-applicationContext-security.xml]; nested exception is java.lang.ClassNotFoundException: org.openxdata.server.security.OpenXDataAccessDecisionManager
	at org.springframework.beans.factory.annotation.AutowiredAnnotationBeanPostProcessor.postProcessAfterInstantiation(AutowiredAnnotationBeanPostProcessor.java:241)
	at org.springframework.beans.factory.support.AbstractAutowireCapableBeanFactory.populateBean(AbstractAutowireCapableBeanFactory.java:927)
	at org.springframework.beans.factory.support.AbstractAutowireCapableBeanFactory.doCreateBean(AbstractAutowireCapableBeanFactory.java:462)
	at org.springframework.beans.factory.support.AbstractAutowireCapableBeanFactory$1.run(AbstractAutowireCapableBeanFactory.java:404)
	at java.security.AccessController.doPrivileged(Native Method)
	at org.springframework.beans.factory.support.AbstractAutowireCapableBeanFactory.createBean(AbstractAutowireCapableBeanFactory.java:375)
	at org.springframework.beans.factory.support.AbstractBeanFactory$1.getObject(AbstractBeanFactory.java:263)
	at org.springframework.beans.factory.support.DefaultSingletonBeanRegistry.getSingleton(DefaultSingletonBeanRegistry.java:170)
	at org.springframework.beans.factory.support.AbstractBeanFactory.doGetBean(AbstractBeanFactory.java:260)
	at org.springframework.beans.factory.support.AbstractBeanFactory.getBean(AbstractBeanFactory.java:184)
	at org.springframework.beans.factory.support.AbstractBeanFactory.getBean(AbstractBeanFactory.java:163)
	at org.springframework.beans.factory.support.DefaultListableBeanFactory.preInstantiateSingletons(DefaultListableBeanFactory.java:430)
	at org.springframework.context.support.AbstractApplicationContext.finishBeanFactoryInitialization(AbstractApplicationContext.java:729)
	at org.springframework.context.support.AbstractApplicationContext.refresh(AbstractApplicationContext.java:381)
	at org.springframework.web.context.ContextLoader.createWebApplicationContext(ContextLoader.java:254)
	at org.springframework.web.context.ContextLoader.initWebApplicationContext(ContextLoader.java:198)
	at org.springframework.web.context.ContextLoaderListener.contextInitialized(ContextLoaderListener.java:45)
	at org.mortbay.jetty.handler.ContextHandler.startContext(ContextHandler.java:543)
	at org.mortbay.jetty.servlet.Context.startContext(Context.java:136)
	at org.mortbay.jetty.webapp.WebAppContext.startContext(WebAppContext.java:1220)
	at org.mortbay.jetty.handler.ContextHandler.doStart(ContextHandler.java:513)
	at org.mortbay.jetty.webapp.WebAppContext.doStart(WebAppContext.java:448)
	at com.google.gwt.dev.shell.jetty.JettyLauncher$WebAppContextWithReload.doStart(JettyLauncher.java:447)
	at org.mortbay.component.AbstractLifeCycle.start(AbstractLifeCycle.java:39)
	at org.mortbay.jetty.handler.HandlerWrapper.doStart(HandlerWrapper.java:130)
	at org.mortbay.jetty.handler.RequestLogHandler.doStart(RequestLogHandler.java:115)
	at org.mortbay.component.AbstractLifeCycle.start(AbstractLifeCycle.java:39)
	at org.mortbay.jetty.handler.HandlerWrapper.doStart(HandlerWrapper.java:130)
	at org.mortbay.jetty.Server.doStart(Server.java:222)
	at org.mortbay.component.AbstractLifeCycle.start(AbstractLifeCycle.java:39)
	at com.google.gwt.dev.shell.jetty.JettyLauncher.start(JettyLauncher.java:543)
	at com.google.gwt.dev.DevMode.doStartUpServer(DevMode.java:421)
	at com.google.gwt.dev.DevModeBase.startUp(DevModeBase.java:1035)
	at com.google.gwt.dev.DevModeBase.run(DevModeBase.java:783)
	at com.google.gwt.dev.DevMode.main(DevMode.java:275)
Caused by: org.springframework.beans.factory.BeanCreationException: Could not autowire field: private org.openxdata.server.dao.TaskDAO org.openxdata.server.service.impl.SchedulerServiceImpl.taskDAO; nested exception is org.springframework.beans.factory.CannotLoadBeanClassException: Cannot find class [org.openxdata.server.security.OpenXDataAccessDecisionManager] for bean with name 'accessDecisionManager' defined in class path resource [openxdata-server-applicationContext-security.xml]; nested exception is java.lang.ClassNotFoundException: org.openxdata.server.security.OpenXDataAccessDecisionManager
	at org.springframework.beans.factory.annotation.AutowiredAnnotationBeanPostProcessor$AutowiredFieldElement.inject(AutowiredAnnotationBeanPostProcessor.java:433)
	at org.springframework.beans.factory.annotation.InjectionMetadata.injectFields(InjectionMetadata.java:104)
	at org.springframework.beans.factory.annotation.AutowiredAnnotationBeanPostProcessor.postProcessAfterInstantiation(AutowiredAnnotationBeanPostProcessor.java:238)
	... 34 more
Caused by: org.springframework.beans.factory.CannotLoadBeanClassException: Cannot find class [org.openxdata.server.security.OpenXDataAccessDecisionManager] for bean with name 'accessDecisionManager' defined in class path resource [openxdata-server-applicationContext-security.xml]; nested exception is java.lang.ClassNotFoundException: org.openxdata.server.security.OpenXDataAccessDecisionManager
	at org.springframework.beans.factory.support.AbstractBeanFactory.resolveBeanClass(AbstractBeanFactory.java:1137)
	at org.springframework.beans.factory.support.AbstractAutowireCapableBeanFactory.predictBeanType(AbstractAutowireCapableBeanFactory.java:514)
	at org.springframework.beans.factory.support.DefaultListableBeanFactory.getBeanNamesForType(DefaultListableBeanFactory.java:222)
	at org.springframework.beans.factory.support.DefaultListableBeanFactory.getBeanNamesForType(DefaultListableBeanFactory.java:202)
	at org.springframework.beans.factory.BeanFactoryUtils.beanNamesForTypeIncludingAncestors(BeanFactoryUtils.java:143)
	at org.springframework.beans.factory.support.DefaultListableBeanFactory.findAutowireCandidates(DefaultListableBeanFactory.java:653)
	at org.springframework.beans.factory.support.DefaultListableBeanFactory.resolveDependency(DefaultListableBeanFactory.java:611)
	at org.springframework.beans.factory.annotation.AutowiredAnnotationBeanPostProcessor$AutowiredFieldElement.inject(AutowiredAnnotationBeanPostProcessor.java:410)
	... 36 more
Caused by: java.lang.ClassNotFoundException: org.openxdata.server.security.OpenXDataAccessDecisionManager
	at java.lang.ClassLoader.findClass(ClassLoader.java:359)
	at java.lang.ClassLoader.loadClass(ClassLoader.java:307)
	at java.lang.ClassLoader.loadClass(ClassLoader.java:248)
	at org.mortbay.jetty.webapp.WebAppClassLoader.loadClass(WebAppClassLoader.java:352)
	at org.mortbay.jetty.webapp.WebAppClassLoader.loadClass(WebAppClassLoader.java:337)
	at org.springframework.util.ClassUtils.forName(ClassUtils.java:230)
	at org.springframework.beans.factory.support.AbstractBeanDefinition.resolveBeanClass(AbstractBeanDefinition.java:381)
	at org.springframework.beans.factory.support.AbstractBeanFactory.resolveBeanClass(AbstractBeanFactory.java:1134)
	... 43 more
org.springframework.web.context.ContextLoader 2010-11-18 18:50:41,523 -- ERROR -- Context initialization failed
org.springframework.beans.factory.BeanCreationException: Error creating bean with name 'schedulerService' defined in class path resource [openxdata-server-applicationContext.xml]: Initialization of bean failed; nested exception is org.springframework.beans.InvalidPropertyException: Invalid property 'scheduler' of bean class [org.openxdata.server.service.impl.SchedulerServiceImpl]: No property 'scheduler' found
	at org.springframework.beans.factory.support.AbstractAutowireCapableBeanFactory.doCreateBean(AbstractAutowireCapableBeanFactory.java:470)
	at org.springframework.beans.factory.support.AbstractAutowireCapableBeanFactory$1.run(AbstractAutowireCapableBeanFactory.java:404)
	at java.security.AccessController.doPrivileged(Native Method)
	at org.springframework.beans.factory.support.AbstractAutowireCapableBeanFactory.createBean(AbstractAutowireCapableBeanFactory.java:375)
	at org.springframework.beans.factory.support.AbstractBeanFactory$1.getObject(AbstractBeanFactory.java:263)
	at org.springframework.beans.factory.support.DefaultSingletonBeanRegistry.getSingleton(DefaultSingletonBeanRegistry.java:170)
	at org.springframework.beans.factory.support.AbstractBeanFactory.doGetBean(AbstractBeanFactory.java:260)
	at org.springframework.beans.factory.support.AbstractBeanFactory.getBean(AbstractBeanFactory.java:184)
	at org.springframework.beans.factory.support.AbstractBeanFactory.getBean(AbstractBeanFactory.java:163)
	at org.springframework.beans.factory.support.DefaultListableBeanFactory.preInstantiateSingletons(DefaultListableBeanFactory.java:430)
	at org.springframework.context.support.AbstractApplicationContext.finishBeanFactoryInitialization(AbstractApplicationContext.java:729)
	at org.springframework.context.support.AbstractApplicationContext.refresh(AbstractApplicationContext.java:381)
	at org.springframework.web.context.ContextLoader.createWebApplicationContext(ContextLoader.java:254)
	at org.springframework.web.context.ContextLoader.initWebApplicationContext(ContextLoader.java:198)
	at org.springframework.web.context.ContextLoaderListener.contextInitialized(ContextLoaderListener.java:45)
	at org.mortbay.jetty.handler.ContextHandler.startContext(ContextHandler.java:543)
	at org.mortbay.jetty.servlet.Context.startContext(Context.java:136)
	at org.mortbay.jetty.webapp.WebAppContext.startContext(WebAppContext.java:1220)
	at org.mortbay.jetty.handler.ContextHandler.doStart(ContextHandler.java:513)
	at org.mortbay.jetty.webapp.WebAppContext.doStart(WebAppContext.java:448)
	at com.google.gwt.dev.shell.jetty.JettyLauncher$WebAppContextWithReload.doStart(JettyLauncher.java:447)
	at org.mortbay.component.AbstractLifeCycle.start(AbstractLifeCycle.java:39)
	at org.mortbay.jetty.handler.HandlerWrapper.doStart(HandlerWrapper.java:130)
	at org.mortbay.jetty.handler.RequestLogHandler.doStart(RequestLogHandler.java:115)
	at org.mortbay.component.AbstractLifeCycle.start(AbstractLifeCycle.java:39)
	at org.mortbay.jetty.handler.HandlerWrapper.doStart(HandlerWrapper.java:130)
	at org.mortbay.jetty.Server.doStart(Server.java:222)
	at org.mortbay.component.AbstractLifeCycle.start(AbstractLifeCycle.java:39)
	at com.google.gwt.dev.shell.jetty.JettyLauncher.start(JettyLauncher.java:543)
	at com.google.gwt.dev.DevMode.doStartUpServer(DevMode.java:421)
	at com.google.gwt.dev.DevModeBase.startUp(DevModeBase.java:1035)
	at com.google.gwt.dev.DevModeBase.run(DevModeBase.java:783)
	at com.google.gwt.dev.DevMode.main(DevMode.java:275)
Caused by: org.springframework.beans.InvalidPropertyException: Invalid property 'scheduler' of bean class [org.openxdata.server.service.impl.SchedulerServiceImpl]: No property 'scheduler' found
	at org.springframework.beans.BeanWrapperImpl.convertForProperty(BeanWrapperImpl.java:382)
	at org.springframework.beans.factory.support.AbstractAutowireCapableBeanFactory.convertForProperty(AbstractAutowireCapableBeanFactory.java:1253)
	at org.springframework.beans.factory.support.AbstractAutowireCapableBeanFactory.applyPropertyValues(AbstractAutowireCapableBeanFactory.java:1214)
	at org.springframework.beans.factory.support.AbstractAutowireCapableBeanFactory.populateBean(AbstractAutowireCapableBeanFactory.java:978)
	at org.springframework.beans.factory.support.AbstractAutowireCapableBeanFactory.doCreateBean(AbstractAutowireCapableBeanFactory.java:462)
	... 32 more
org.springframework.web.context.ContextLoader 2010-11-18 18:50:41,523 -- ERROR -- Context initialization failed
org.springframework.beans.factory.BeanCreationException: Error creating bean with name 'schedulerService' defined in class path resource [openxdata-server-applicationContext.xml]: Initialization of bean failed; nested exception is org.springframework.beans.InvalidPropertyException: Invalid property 'scheduler' of bean class [org.openxdata.server.service.impl.SchedulerServiceImpl]: No property 'scheduler' found
	at org.springframework.beans.factory.support.AbstractAutowireCapableBeanFactory.doCreateBean(AbstractAutowireCapableBeanFactory.java:470)
	at org.springframework.beans.factory.support.AbstractAutowireCapableBeanFactory$1.run(AbstractAutowireCapableBeanFactory.java:404)
	at java.security.AccessController.doPrivileged(Native Method)
	at org.springframework.beans.factory.support.AbstractAutowireCapableBeanFactory.createBean(AbstractAutowireCapableBeanFactory.java:375)
	at org.springframework.beans.factory.support.AbstractBeanFactory$1.getObject(AbstractBeanFactory.java:263)
	at org.springframework.beans.factory.support.DefaultSingletonBeanRegistry.getSingleton(DefaultSingletonBeanRegistry.java:170)
	at org.springframework.beans.factory.support.AbstractBeanFactory.doGetBean(AbstractBeanFactory.java:260)
	at org.springframework.beans.factory.support.AbstractBeanFactory.getBean(AbstractBeanFactory.java:184)
	at org.springframework.beans.factory.support.AbstractBeanFactory.getBean(AbstractBeanFactory.java:163)
	at org.springframework.beans.factory.support.DefaultListableBeanFactory.preInstantiateSingletons(DefaultListableBeanFactory.java:430)
	at org.springframework.context.support.AbstractApplicationContext.finishBeanFactoryInitialization(AbstractApplicationContext.java:729)
	at org.springframework.context.support.AbstractApplicationContext.refresh(AbstractApplicationContext.java:381)
	at org.springframework.web.context.ContextLoader.createWebApplicationContext(ContextLoader.java:254)
	at org.springframework.web.context.ContextLoader.initWebApplicationContext(ContextLoader.java:198)
	at org.springframework.web.context.ContextLoaderListener.contextInitialized(ContextLoaderListener.java:45)
	at org.mortbay.jetty.handler.ContextHandler.startContext(ContextHandler.java:543)
	at org.mortbay.jetty.servlet.Context.startContext(Context.java:136)
	at org.mortbay.jetty.webapp.WebAppContext.startContext(WebAppContext.java:1220)
	at org.mortbay.jetty.handler.ContextHandler.doStart(ContextHandler.java:513)
	at org.mortbay.jetty.webapp.WebAppContext.doStart(WebAppContext.java:448)
	at com.google.gwt.dev.shell.jetty.JettyLauncher$WebAppContextWithReload.doStart(JettyLauncher.java:447)
	at org.mortbay.component.AbstractLifeCycle.start(AbstractLifeCycle.java:39)
	at org.mortbay.jetty.handler.HandlerWrapper.doStart(HandlerWrapper.java:130)
	at org.mortbay.jetty.handler.RequestLogHandler.doStart(RequestLogHandler.java:115)
	at org.mortbay.component.AbstractLifeCycle.start(AbstractLifeCycle.java:39)
	at org.mortbay.jetty.handler.HandlerWrapper.doStart(HandlerWrapper.java:130)
	at org.mortbay.jetty.Server.doStart(Server.java:222)
	at org.mortbay.component.AbstractLifeCycle.start(AbstractLifeCycle.java:39)
	at com.google.gwt.dev.shell.jetty.JettyLauncher.start(JettyLauncher.java:543)
	at com.google.gwt.dev.DevMode.doStartUpServer(DevMode.java:421)
	at com.google.gwt.dev.DevModeBase.startUp(DevModeBase.java:1035)
	at com.google.gwt.dev.DevModeBase.run(DevModeBase.java:783)
	at com.google.gwt.dev.DevMode.main(DevMode.java:275)
Caused by: org.springframework.beans.InvalidPropertyException: Invalid property 'scheduler' of bean class [org.openxdata.server.service.impl.SchedulerServiceImpl]: No property 'scheduler' found
	at org.springframework.beans.BeanWrapperImpl.convertForProperty(BeanWrapperImpl.java:382)
	at org.springframework.beans.factory.support.AbstractAutowireCapableBeanFactory.convertForProperty(AbstractAutowireCapableBeanFactory.java:1253)
	at org.springframework.beans.factory.support.AbstractAutowireCapableBeanFactory.applyPropertyValues(AbstractAutowireCapableBeanFactory.java:1214)
	at org.springframework.beans.factory.support.AbstractAutowireCapableBeanFactory.populateBean(AbstractAutowireCapableBeanFactory.java:978)
	at org.springframework.beans.factory.support.AbstractAutowireCapableBeanFactory.doCreateBean(AbstractAutowireCapableBeanFactory.java:462)
	... 32 more
